#
# There is insufficient memory for the Java Runtime Environment to continue.
# Native memory allocation (mmap) failed to map 536870912 bytes. Error detail: G1 virtual space
# Possible reasons:
#   The system is out of physical RAM or swap space
#   This process is running with CompressedOops enabled, and the Java Heap may be blocking the growth of the native heap
# Possible solutions:
#   Reduce memory load on the system
#   Increase physical memory or swap space
#   Check if swap backing store is full
#   Decrease Java heap size (-Xmx/-Xms)
#   Decrease number of Java threads
#   Decrease Java thread stack sizes (-Xss)
#   Set larger code cache with -XX:ReservedCodeCacheSize=
#   JVM is running with Zero Based Compressed Oops mode in which the Java heap is
#     placed in the first 32GB address space. The Java Heap base address is the
#     maximum limit for the native heap growth. Please use -XX:HeapBaseMinAddress
#     to set the Java Heap base and to place the Java Heap above 32GB virtual address.
# This output file may be truncated or incomplete.
#
#  Out of Memory Error (os_windows.cpp:3825), pid=6388, tid=336
#
# JRE version:  (17.0.11+1) (build )
# Java VM: OpenJDK 64-Bit Server VM (17.0.11+1-b1207.24, mixed mode, sharing, tiered, compressed oops, compressed class ptrs, g1 gc, windows-amd64)
# No core dump will be written. Minidumps are not enabled by default on client versions of Windows
#

---------------  S U M M A R Y ------------

Command Line: git4idea.http.GitAskPassApp Username for 'https://github.com': 

Host: Intel(R) Core(TM) i9-9900K CPU @ 3.60GHz, 16 cores, 31G,  Windows 10 , 64 bit Build 19041 (10.0.19041.5915)
Time: Thu Aug 14 05:56:50 2025  Windows 10 , 64 bit Build 19041 (10.0.19041.5915) elapsed time: 0.012053 seconds (0d 0h 0m 0s)

---------------  T H R E A D  ---------------

Current thread (0x000002082d12e370):  JavaThread "Unknown thread" [_thread_in_vm, id=336, stack(0x0000008486f00000,0x0000008487000000)]

Stack: [0x0000008486f00000,0x0000008487000000]
Native frames: (J=compiled Java code, j=interpreted, Vv=VM code, C=native code)
V  [jvm.dll+0x6877f9]
V  [jvm.dll+0x8411aa]
V  [jvm.dll+0x842e2e]
V  [jvm.dll+0x843493]
V  [jvm.dll+0x249fdf]
V  [jvm.dll+0x6845c9]
V  [jvm.dll+0x678e7a]
V  [jvm.dll+0x30ab4b]
V  [jvm.dll+0x311ff6]
V  [jvm.dll+0x361a5e]
V  [jvm.dll+0x361c8f]
V  [jvm.dll+0x2e0978]
V  [jvm.dll+0x2e18e4]
V  [jvm.dll+0x811c71]
V  [jvm.dll+0x36f7c8]
V  [jvm.dll+0x7f05f6]
V  [jvm.dll+0x3f398f]
V  [jvm.dll+0x3f5541]
C  [jli.dll+0x528f]
C  [ucrtbase.dll+0x21bb2]
C  [KERNEL32.DLL+0x17374]
C  [ntdll.dll+0x4cc91]


---------------  P R O C E S S  ---------------

Threads class SMR info:
_java_thread_list=0x00007ffb1a8befd8, length=0, elements={
}

Java Threads: ( => current thread )

Other Threads:
  0x000002082f3014f0 GCTaskThread "GC Thread#0" [stack: 0x0000008487000000,0x0000008487100000] [id=23900]
  0x000002082f30e3b0 ConcurrentGCThread "G1 Main Marker" [stack: 0x0000008487100000,0x0000008487200000] [id=30468]
  0x0000020855294060 ConcurrentGCThread "G1 Conc#0" [stack: 0x0000008487200000,0x0000008487300000] [id=6304]

[error occurred during error reporting (printing all threads), id 0xc0000005, EXCEPTION_ACCESS_VIOLATION (0xc0000005) at pc=0x00007ffb1a071547]

VM state: not at safepoint (not fully initialized)

VM Mutex/Monitor currently owned by a thread:  ([mutex/lock_event])
[0x000002082f251320] Heap_lock - owner thread: 0x000002082d12e370

Heap address: 0x0000000601400000, size: 8172 MB, Compressed Oops mode: Zero based, Oop shift amount: 3

CDS archive(s) mapped at: [0x0000000000000000-0x0000000000000000-0x0000000000000000), size 0, SharedBaseAddress: 0x0000000800000000, ArchiveRelocationMode: 1.
Narrow klass base: 0x0000000000000000, Narrow klass shift: 0, Narrow klass range: 0x0

GC Precious Log:
<Empty>

Heap:
 garbage-first heap   total 0K, used 0K [0x0000000601400000, 0x0000000800000000)
  region size 4096K, 0 young (0K), 0 survivors (0K)
 Metaspace       used 0K, committed 0K, reserved 0K
  class space    used 0K, committed 0K, reserved 0K

Heap Regions: E=young(eden), S=young(survivor), O=old, HS=humongous(starts), HC=humongous(continues), CS=collection set, F=free, OA=open archive, CA=closed archive, TAMS=top-at-mark-start (previous, next)

Card table byte_map: [0x0000020843260000,0x0000020844260000] _byte_map_base: 0x0000020840256000

Marking Bits (Prev, Next): (CMBitMap*) 0x000002082f301b10, (CMBitMap*) 0x000002082f301b50
 Prev Bits: [0x0000020845260000, 0x000002084d210000)
 Next Bits: [0x000002084d210000, 0x00000208551c0000)

GC Heap History (0 events):
No events

Dll operation events (1 events):
Event: 0.005 Loaded shared library C:\Program Files\JetBrains\PyCharm 2023.2.5\jbr\bin\java.dll

Deoptimization events (0 events):
No events

Classes unloaded (0 events):
No events

Classes redefined (0 events):
No events

Internal exceptions (0 events):
No events

VM Operations (0 events):
No events

Events (0 events):
No events


Dynamic libraries:
0x00007ff781dc0000 - 0x00007ff781dca000 	C:\Program Files\JetBrains\PyCharm 2023.2.5\jbr\bin\java.exe
0x00007ffb8d6b0000 - 0x00007ffb8d8a8000 	C:\WINDOWS\SYSTEM32\ntdll.dll
0x00007ffb8b6d0000 - 0x00007ffb8b792000 	C:\WINDOWS\System32\KERNEL32.DLL
0x00007ffb8b200000 - 0x00007ffb8b4f7000 	C:\WINDOWS\System32\KERNELBASE.dll
0x00007ffb8b020000 - 0x00007ffb8b120000 	C:\WINDOWS\System32\ucrtbase.dll
0x00007ffb36e00000 - 0x00007ffb36e17000 	C:\Program Files\JetBrains\PyCharm 2023.2.5\jbr\bin\jli.dll
0x00007ffb8c100000 - 0x00007ffb8c29d000 	C:\WINDOWS\System32\USER32.dll
0x00007ffb8b1d0000 - 0x00007ffb8b1f2000 	C:\WINDOWS\System32\win32u.dll
0x00007ffb837d0000 - 0x00007ffb837eb000 	C:\Program Files\JetBrains\PyCharm 2023.2.5\jbr\bin\VCRUNTIME140.dll
0x00007ffb780e0000 - 0x00007ffb7837a000 	C:\WINDOWS\WinSxS\amd64_microsoft.windows.common-controls_6595b64144ccf1df_6.0.19041.5915_none_60b4b9d171f9c7c7\COMCTL32.dll
0x00007ffb8b8e0000 - 0x00007ffb8b90b000 	C:\WINDOWS\System32\GDI32.dll
0x00007ffb8d5d0000 - 0x00007ffb8d66e000 	C:\WINDOWS\System32\msvcrt.dll
0x00007ffb8b500000 - 0x00007ffb8b619000 	C:\WINDOWS\System32\gdi32full.dll
0x00007ffb8add0000 - 0x00007ffb8ae6d000 	C:\WINDOWS\System32\msvcp_win.dll
0x00007ffb8bcc0000 - 0x00007ffb8bcef000 	C:\WINDOWS\System32\IMM32.DLL
0x00007ffb85940000 - 0x00007ffb8594c000 	C:\Program Files\JetBrains\PyCharm 2023.2.5\jbr\bin\vcruntime140_1.dll
0x00007ffb65b00000 - 0x00007ffb65b8d000 	C:\Program Files\JetBrains\PyCharm 2023.2.5\jbr\bin\msvcp140.dll
0x00007ffb19d80000 - 0x00007ffb1aa03000 	C:\Program Files\JetBrains\PyCharm 2023.2.5\jbr\bin\server\jvm.dll
0x00007ffb8b910000 - 0x00007ffb8b9c1000 	C:\WINDOWS\System32\ADVAPI32.dll
0x00007ffb8bae0000 - 0x00007ffb8bb7f000 	C:\WINDOWS\System32\sechost.dll
0x00007ffb8c720000 - 0x00007ffb8c846000 	C:\WINDOWS\System32\RPCRT4.dll
0x00007ffb8b1a0000 - 0x00007ffb8b1c7000 	C:\WINDOWS\System32\bcrypt.dll
0x00007ffb8a2c0000 - 0x00007ffb8a30b000 	C:\WINDOWS\SYSTEM32\POWRPROF.dll
0x00007ffb51780000 - 0x00007ffb51789000 	C:\WINDOWS\SYSTEM32\WSOCK32.dll
0x00007ffb7e8c0000 - 0x00007ffb7e8e7000 	C:\WINDOWS\SYSTEM32\WINMM.dll
0x00007ffb811a0000 - 0x00007ffb811aa000 	C:\WINDOWS\SYSTEM32\VERSION.dll
0x00007ffb8c970000 - 0x00007ffb8c9db000 	C:\WINDOWS\System32\WS2_32.dll
0x00007ffb8a140000 - 0x00007ffb8a152000 	C:\WINDOWS\SYSTEM32\UMPDC.dll
0x00007ffb89580000 - 0x00007ffb89592000 	C:\WINDOWS\SYSTEM32\kernel.appcore.dll
0x00007ffb847e0000 - 0x00007ffb847ea000 	C:\Program Files\JetBrains\PyCharm 2023.2.5\jbr\bin\jimage.dll
0x00007ffb88a20000 - 0x00007ffb88c21000 	C:\WINDOWS\SYSTEM32\DBGHELP.DLL
0x00007ffb78f30000 - 0x00007ffb78f64000 	C:\WINDOWS\SYSTEM32\dbgcore.DLL
0x00007ffb8ad40000 - 0x00007ffb8adc2000 	C:\WINDOWS\System32\bcryptPrimitives.dll
0x00007ffb35060000 - 0x00007ffb35085000 	C:\Program Files\JetBrains\PyCharm 2023.2.5\jbr\bin\java.dll

dbghelp: loaded successfully - version: 4.0.5 - missing functions: none
symbol engine: initialized successfully - sym options: 0x614 - pdb path: .;C:\Program Files\JetBrains\PyCharm 2023.2.5\jbr\bin;C:\WINDOWS\SYSTEM32;C:\WINDOWS\WinSxS\amd64_microsoft.windows.common-controls_6595b64144ccf1df_6.0.19041.5915_none_60b4b9d171f9c7c7;C:\Program Files\JetBrains\PyCharm 2023.2.5\jbr\bin\server

VM Arguments:
java_command: git4idea.http.GitAskPassApp Username for 'https://github.com': 
java_class_path (initial): C:/Program Files/JetBrains/PyCharm 2023.2.5/plugins/vcs-git/lib/git4idea-rt.jar;C:/Program Files/JetBrains/PyCharm 2023.2.5/lib/externalProcess-rt.jar
Launcher Type: SUN_STANDARD

[Global flags]
     intx CICompilerCount                          = 12                                        {product} {ergonomic}
     uint ConcGCThreads                            = 3                                         {product} {ergonomic}
     uint G1ConcRefinementThreads                  = 13                                        {product} {ergonomic}
   size_t G1HeapRegionSize                         = 4194304                                   {product} {ergonomic}
    uintx GCDrainStackTargetSize                   = 64                                        {product} {ergonomic}
   size_t InitialHeapSize                          = 536870912                                 {product} {ergonomic}
   size_t MarkStackSize                            = 4194304                                   {product} {ergonomic}
   size_t MaxHeapSize                              = 8568963072                                {product} {ergonomic}
   size_t MinHeapDeltaBytes                        = 4194304                                   {product} {ergonomic}
   size_t MinHeapSize                              = 8388608                                   {product} {ergonomic}
    uintx NonNMethodCodeHeapSize                   = 7602480                                {pd product} {ergonomic}
    uintx NonProfiledCodeHeapSize                  = 122027880                              {pd product} {ergonomic}
    uintx ProfiledCodeHeapSize                     = 122027880                              {pd product} {ergonomic}
    uintx ReservedCodeCacheSize                    = 251658240                              {pd product} {ergonomic}
     bool SegmentedCodeCache                       = true                                      {product} {ergonomic}
   size_t SoftMaxHeapSize                          = 8568963072                             {manageable} {ergonomic}
     bool UseCompressedClassPointers               = true                           {product lp64_product} {ergonomic}
     bool UseCompressedOops                        = true                           {product lp64_product} {ergonomic}
     bool UseG1GC                                  = true                                      {product} {ergonomic}
     bool UseLargePagesIndividualAllocation        = false                                  {pd product} {ergonomic}

Logging:
Log output configuration:
 #0: stdout all=warning uptime,level,tags
 #1: stderr all=off uptime,level,tags

Environment Variables:
PATH=E:\游戏设计\opencv\Git\mingw64\libexec\git-core;E:\游戏设计\opencv\Git\mingw64\libexec\git-core;E:\游戏设计\opencv\Git\mingw64\bin;E:\游戏设计\opencv\Git\usr\bin;C:\Users\shane\bin;D:\Matlab\bin\win64;B:\Matlab\bin\win64;C:\Program Files (x86)\Razer Chroma SDK\bin;C:\Program Files\Razer Chroma SDK\bin;C:\Program Files (x86)\Razer\ChromaBroadcast\bin;C:\Program Files\Razer\ChromaBroadcast\bin;C:\Program Files (x86)\Intel\Intel(R) Management Engine Components\iCLS;C:\Program Files\Intel\Intel(R) Management Engine Components\iCLS;C:\Windows\system32;C:\Windows;C:\Windows\System32\Wbem;C:\Windows\System32\WindowsPowerShell\v1.0;C:\Windows\System32\OpenSSH;C:\Program Files (x86)\NVIDIA Corporation\PhysX\Common;C:\Program Files (x86)\Intel\Intel(R) Management Engine Components\DAL;C:\Program Files\Intel\Intel(R) Management Engine Components\DAL;C:\Program Files (x86)\Intel\Intel(R) Management Engine Components\IPT;C:\Program Files\Intel\Intel(R) Management Engine Components\IPT;C:\Users\shane\AppData\Local\Microsoft\WindowsApps;C:\Program Files\dotnet;C:\Program Files (x86)\dotnet;C:\WINDOWS\system32;C:\WINDOWS;C:\WINDOWS\System32\Wbem;C:\WINDOWS\System32\WindowsPowerShell\v1.0;C:\WINDOWS\System32\OpenSSH;C:\Users\shane\AppData\Local\Programs\Python\Python37\Scripts;C:\Users\shane\AppData\Local\Programs\Python\Python37;C:\Users\shane\AppData\Local\GitHubDesktop\bin;C:\Users\shane\AppData\Local\Programs\Microsoft VS Code\bin;B:\安装包;D:\;Matlab\runtime\win64;B:\Matlab 2020b\runtime\win64;B:\Matlab 2020b\bin;C:\WINDOWS\system32;C:\WINDOWS;C:\WINDOWS\System32\Wbem;C:\WINDOWS\System32\WindowsPowerShell\v1.0;C:\WINDOWS\System32\OpenSSH;rogram Files\Microsoft SQL Server\Client SDK\ODBC\170\Tools\Binn;C:\Program Files (x86)\Microsoft SQL Server\150\Tools\Binn;C:\Program Files\Microsoft SQL Server\150\Tools\Binn;C:\Program Files\Microsoft SQL Server\150\DTS\Binn;C:\Program Files (x86)\Windows Kits\8.1\Windows Performance Toolkit;C:\Users\shane\AppData\Local\Programs\Python\Pyt
USERNAME=shane
DISPLAY=:0.0
LC_ALL=en_US.UTF-8
TERM=xterm-256color
TMPDIR=C:\Users\shane\AppData\Local\Temp
OS=Windows_NT
PROCESSOR_IDENTIFIER=Intel64 Family 6 Model 158 Stepping 12, GenuineIntel
TMP=C:\Users\shane\AppData\Local\Temp
TEMP=C:\Users\shane\AppData\Local\Temp



Periodic native trim disabled

JNI global refs:
JNI global refs: 0, weak refs: 0

JNI global refs memory usage: 0, weak refs: 0

Process memory usage:
Resident Set Size: 11228K (0% of 33470068K total physical memory with 3557228K free physical memory)

OOME stack traces (most recent first):
Classloader memory used:


---------------  S Y S T E M  ---------------

OS:
 Windows 10 , 64 bit Build 19041 (10.0.19041.5915)
OS uptime: 4 days 14:33 hours

CPU: total 16 (initial active 16) (8 cores per cpu, 2 threads per core) family 6 model 158 stepping 12 microcode 0xca, cx8, cmov, fxsr, ht, mmx, 3dnowpref, sse, sse2, sse3, ssse3, sse4.1, sse4.2, popcnt, lzcnt, tsc, tscinvbit, avx, avx2, aes, erms, clmul, bmi1, bmi2, rtm, adx, fma, vzeroupper, clflush, clflushopt
Processor Information for all 16 processors :
  Max Mhz: 3601, Current Mhz: 3601, Mhz Limit: 3601

Memory: 4k page, system-wide physical 32685M (3473M free)
TotalPageFile size 53140M (AvailPageFile size 253M)
current process WorkingSet (physical memory assigned to process): 10M, peak: 10M
current process commit charge ("private bytes"): 71M, peak: 583M

vm_info: OpenJDK 64-Bit Server VM (17.0.11+1-b1207.24) for windows-amd64 JRE (17.0.11+1-b1207.24), built on 2024-05-15 by "builduser" with MS VC++ 16.10 / 16.11 (VS2019)

END.
